Using pre-set license

 COMMAND LINE ARGUMENTS:
/Applications/Unity/Hub/Editor/2020.3.0f1/Unity.app/Contents/MacOS/Unity
-adb2
-batchMode
-noUpm
-name
AssetImportWorker0
-projectPath
/Users/melinda/Documents/GitHub/izakaya/Izakaya_100421
-logFile
Logs/AssetImportWorker0.log
-srvPort
53925
Successfully changed project path to: /Users/melinda/Documents/GitHub/izakaya/Izakaya_100421
/Users/melinda/Documents/GitHub/izakaya/Izakaya_100421
Using Asset Import Pipeline V2.
Refreshing native plugins compatible for Editor in 91.19 ms, found 6 plugins.
Preloading 1 native plugins for Editor in 2.56 ms.
Initialize engine version: 2020.3.0f1 (c7b5465681fb)
[Subsystems] Discovering subsystems at path /Applications/Unity/Hub/Editor/2020.3.0f1/Unity.app/Contents/Resources/UnitySubsystems
[Subsystems] Discovering subsystems at path /Users/melinda/Documents/GitHub/izakaya/Izakaya_100421/Assets
GfxDevice: creating device client; threaded=0
2021-12-23 01:56:47.263 Unity[58223:2561954] (null) preferred device: Apple M1 Pro (high power)
2021-12-23 01:56:47.263 Unity[58223:2561954] Metal devices available: 1
2021-12-23 01:56:47.263 Unity[58223:2561954] 0: Apple M1 Pro (high power)
2021-12-23 01:56:47.263 Unity[58223:2561954] Using device Apple M1 Pro (high power)
Initializing Metal device caps: Apple M1 Pro
Shader 'Universal Render Pipeline/Particles/Lit': fallback shader 'Universal Render Pipeline/Particles/SimpleLit' not found
Initialize mono
Mono path[0] = '/Applications/Unity/Hub/Editor/2020.3.0f1/Unity.app/Contents/Managed'
Mono path[1] = '/Applications/Unity/Hub/Editor/2020.3.0f1/Unity.app/Contents/MonoBleedingEdge/lib/mono/unityjit'
Mono config path = '/Applications/Unity/Hub/Editor/2020.3.0f1/Unity.app/Contents/MonoBleedingEdge/etc'
Using monoOptions --debugger-agent=transport=dt_socket,embedding=1,server=y,suspend=n,address=127.0.0.1:56223
Begin MonoManager ReloadAssembly
Registering precompiled unity dll's ...
Register platform support module: /Applications/Unity/Hub/Editor/2020.3.0f1/Unity.app/Contents/PlaybackEngines/MacStandaloneSupport/UnityEditor.OSXStandalone.Extensions.dll
Registered in 0.002109 seconds.
Native extension for OSXStandalone target not found
Refreshing native plugins compatible for Editor in 69.59 ms, found 6 plugins.
Preloading 1 native plugins for Editor in 0.31 ms.
Invoked RoslynAnalysisRunner static constructor.
RoslynAnalysisRunner will not be running.
RoslynAnalysisRunner has terminated.
Mono: successfully reloaded assembly
- Completed reload, in  2.086 seconds
Platform modules already initialized, skipping
Registering precompiled user dll's ...
Registered in 0.004502 seconds.
Begin MonoManager ReloadAssembly
Native extension for OSXStandalone target not found
Refreshing native plugins compatible for Editor in 70.53 ms, found 6 plugins.
Preloading 1 native plugins for Editor in 0.32 ms.
Invoked RoslynAnalysisRunner static constructor.
RoslynAnalysisRunner will not be running.
RoslynAnalysisRunner has terminated.
Mono: successfully reloaded assembly
- Completed reload, in  3.065 seconds
Platform modules already initialized, skipping
========================================================================
Worker process is ready to serve import requests
Shader 'Universal Render Pipeline/Particles/Lit': fallback shader 'Universal Render Pipeline/Particles/SimpleLit' not found
Launching external process: /Applications/Unity/Hub/Editor/2020.3.0f1/Unity.app/Contents/Tools/UnityShaderCompiler
Launched and connected shader compiler UnityShaderCompiler after 0.03 seconds
Refreshing native plugins compatible for Editor in 0.92 ms, found 6 plugins.
Preloading 1 native plugins for Editor in 0.28 ms.
Unloading 3518 Unused Serialized files (Serialized files now loaded: 0)
System memory in use before: 285.5 MB.
System memory in use after: 285.7 MB.

Unloading 44 unused Assets to reduce memory usage. Loaded Objects now: 3969.
Total: 2.124125 ms (FindLiveObjects: 0.226084 ms CreateObjectMapping: 0.078375 ms MarkObjects: 1.716834 ms  DeleteObjects: 0.101917 ms)

