Using pre-set license

 COMMAND LINE ARGUMENTS:
/Applications/Unity/Hub/Editor/2020.3.0f1/Unity.app/Contents/MacOS/Unity
-adb2
-batchMode
-noUpm
-name
AssetImportWorker0
-projectPath
/Users/melinda/Documents/GitHub/izakaya/Izakaya_100421
-logFile
Logs/AssetImportWorker0.log
-srvPort
50583
Successfully changed project path to: /Users/melinda/Documents/GitHub/izakaya/Izakaya_100421
/Users/melinda/Documents/GitHub/izakaya/Izakaya_100421
Using Asset Import Pipeline V2.
Refreshing native plugins compatible for Editor in 78.44 ms, found 6 plugins.
Preloading 1 native plugins for Editor in 3.02 ms.
Initialize engine version: 2020.3.0f1 (c7b5465681fb)
[Subsystems] Discovering subsystems at path /Applications/Unity/Hub/Editor/2020.3.0f1/Unity.app/Contents/Resources/UnitySubsystems
[Subsystems] Discovering subsystems at path /Users/melinda/Documents/GitHub/izakaya/Izakaya_100421/Assets
GfxDevice: creating device client; threaded=0
2022-01-04 12:45:59.269 Unity[1321:22515] (null) preferred device: Apple M1 Pro (high power)
2022-01-04 12:45:59.269 Unity[1321:22515] Metal devices available: 1
2022-01-04 12:45:59.269 Unity[1321:22515] 0: Apple M1 Pro (high power)
2022-01-04 12:45:59.269 Unity[1321:22515] Using device Apple M1 Pro (high power)
Initializing Metal device caps: Apple M1 Pro
Shader 'Universal Render Pipeline/Particles/Lit': fallback shader 'Universal Render Pipeline/Particles/SimpleLit' not found
Initialize mono
Mono path[0] = '/Applications/Unity/Hub/Editor/2020.3.0f1/Unity.app/Contents/Managed'
Mono path[1] = '/Applications/Unity/Hub/Editor/2020.3.0f1/Unity.app/Contents/MonoBleedingEdge/lib/mono/unityjit'
Mono config path = '/Applications/Unity/Hub/Editor/2020.3.0f1/Unity.app/Contents/MonoBleedingEdge/etc'
Using monoOptions --debugger-agent=transport=dt_socket,embedding=1,server=y,suspend=n,address=127.0.0.1:56321
Begin MonoManager ReloadAssembly
Registering precompiled unity dll's ...
Register platform support module: /Applications/Unity/Hub/Editor/2020.3.0f1/Unity.app/Contents/PlaybackEngines/MacStandaloneSupport/UnityEditor.OSXStandalone.Extensions.dll
Registered in 0.002635 seconds.
Native extension for OSXStandalone target not found
Refreshing native plugins compatible for Editor in 65.99 ms, found 6 plugins.
Preloading 1 native plugins for Editor in 0.32 ms.
Invoked RoslynAnalysisRunner static constructor.
RoslynAnalysisRunner will not be running.
RoslynAnalysisRunner has terminated.
Mono: successfully reloaded assembly
- Completed reload, in  1.970 seconds
Platform modules already initialized, skipping
Registering precompiled user dll's ...
Registered in 0.004812 seconds.
Begin MonoManager ReloadAssembly
Native extension for OSXStandalone target not found
Refreshing native plugins compatible for Editor in 70.54 ms, found 6 plugins.
Preloading 1 native plugins for Editor in 0.32 ms.
Invoked RoslynAnalysisRunner static constructor.
RoslynAnalysisRunner will not be running.
RoslynAnalysisRunner has terminated.
Mono: successfully reloaded assembly
- Completed reload, in  3.107 seconds
Platform modules already initialized, skipping
========================================================================
Worker process is ready to serve import requests
Shader 'Universal Render Pipeline/Particles/Lit': fallback shader 'Universal Render Pipeline/Particles/SimpleLit' not found
Launching external process: /Applications/Unity/Hub/Editor/2020.3.0f1/Unity.app/Contents/Tools/UnityShaderCompiler
Launched and connected shader compiler UnityShaderCompiler after 0.03 seconds
Refreshing native plugins compatible for Editor in 0.91 ms, found 6 plugins.
Preloading 1 native plugins for Editor in 0.28 ms.
Unloading 3508 Unused Serialized files (Serialized files now loaded: 0)
System memory in use before: 275.1 MB.
System memory in use after: 275.3 MB.

Unloading 44 unused Assets to reduce memory usage. Loaded Objects now: 3959.
Total: 2.374709 ms (FindLiveObjects: 0.363833 ms CreateObjectMapping: 0.078625 ms MarkObjects: 1.823166 ms  DeleteObjects: 0.107792 ms)

========================================================================
Received Import Request.
  path: Assets/grasbock_vrInventory/Prefabs/XR Rig.prefab
  artifactKey: Guid(c8ba50c05758b804a9b08bda94a5a2db) Importer(815301076,1909f56bfc062723c751e8b465ee728b)
Start importing Assets/grasbock_vrInventory/Prefabs/XR Rig.prefab using Guid(c8ba50c05758b804a9b08bda94a5a2db) Importer(815301076,1909f56bfc062723c751e8b465ee728b)  -> (artifact id: '6ed80714453d42a8284c56f1d53989c0') in 1.179678 seconds
  Import took 1.185976 seconds .

========================================================================
Received Import Request.
  Time since last request: 0.000306 seconds.
  path: Assets/Samples/XR Interaction Toolkit/1.0.0-pre.3/Default Input Actions/XRI Default Input Actions.inputactions
  artifactKey: Guid(c348712bda248c246b8c49b3db54643f) Importer(815301076,1909f56bfc062723c751e8b465ee728b)
Start importing Assets/Samples/XR Interaction Toolkit/1.0.0-pre.3/Default Input Actions/XRI Default Input Actions.inputactions using Guid(c348712bda248c246b8c49b3db54643f) Importer(815301076,1909f56bfc062723c751e8b465ee728b)  -> (artifact id: '4b68f511eee8b66504f479d9a9fdcb08') in 0.223080 seconds
  Import took 0.228436 seconds .

