
=== Mon Aug  2 22:48:11 2021

Packages were changed.
Update Mode: updateDependencies

The following packages were updated:
  com.unity.render-pipelines.universal from version 10.3.2 to 10.4.0
  com.unity.xr.oculus from version 1.8.1 to 1.9.0

=== Fri Oct  1 21:44:15 2021

Packages were changed.
Update Mode: mergeDefaultDependencies

The following packages were added:
  com.unity.ext.nunit@1.0.0
  com.unity.inputsystem@1.0.0-preview.4
  com.unity.xr.legacyinputhelpers@2.1.3
  com.unity.xr.oculus.standalone@2.38.4
  com.unity.xr.openvr.standalone@2.0.5

=== Fri Oct  1 21:46:58 2021

Packages were changed.
Update Mode: mergeDefaultDependencies

The following packages were added:
  com.unity.xr.oculus.standalone@2.38.4
  com.unity.xr.openvr.standalone@2.0.5
